2026-01-30 19:15:11 [32mINFO[m i.a.s.DatabaseEventListener(onApplicationEvent):38 - Checking configs database flyway migration version...
2026-01-30 19:15:11 [33mWARN[m i.a.d.c.DatabaseAvailabilityCheck(check):38 - Waiting for database to become available...
2026-01-30 19:15:11 [32mINFO[m i.a.d.c.DatabaseAvailabilityCheck(lambda$isDatabaseConnected$1):75 - Testing airbyte configs database connection...
2026-01-30 19:15:11 [32mINFO[m i.a.d.c.DatabaseAvailabilityCheck(check):57 - Database available.
2026-01-30 19:15:11 [32mINFO[m o.f.c.i.l.s.Slf4jLog(info):49 - Flyway Community Edition 7.14.0 by Redgate
2026-01-30 19:15:11 [32mINFO[m o.f.c.i.l.s.Slf4jLog(info):49 - Database: jdbc:postgresql://airbyte-postgres:5432/airbyte (PostgreSQL 13.23)
2026-01-30 19:15:11 [32mINFO[m o.f.c.i.l.s.Slf4jLog(info):49 - Flyway Community Edition 7.14.0 by Redgate
2026-01-30 19:15:11 [32mINFO[m i.a.d.c.DatabaseMigrationCheck(check):46 - Current database migration version 0.50.24.006.
2026-01-30 19:15:11 [32mINFO[m i.a.d.c.DatabaseMigrationCheck(check):47 - Minimum Flyway version required 0.35.15.001.
2026-01-30 19:15:11 [32mINFO[m i.a.d.c.DatabaseMigrationCheck(check):62 - Verified that database has been migrated to the required minimum version 0.35.15.001.
2026-01-30 19:15:11 [32mINFO[m i.a.s.DatabaseEventListener(onApplicationEvent):45 - Checking jobs database flyway migration version...
2026-01-30 19:15:11 [33mWARN[m i.a.d.c.DatabaseAvailabilityCheck(check):38 - Waiting for database to become available...
2026-01-30 19:15:11 [32mINFO[m i.a.d.c.DatabaseAvailabilityCheck(lambda$isDatabaseConnected$1):75 - Testing airbyte jobs database connection...
2026-01-30 19:15:11 [32mINFO[m i.a.d.c.DatabaseAvailabilityCheck(check):57 - Database available.
2026-01-30 19:15:11 [32mINFO[m o.f.c.i.l.s.Slf4jLog(info):49 - Flyway Community Edition 7.14.0 by Redgate
2026-01-30 19:15:11 [32mINFO[m o.f.c.i.l.s.Slf4jLog(info):49 - Database: jdbc:postgresql://airbyte-postgres:5432/airbyte (PostgreSQL 13.23)
2026-01-30 19:15:11 [32mINFO[m o.f.c.i.l.s.Slf4jLog(info):49 - Flyway Community Edition 7.14.0 by Redgate
2026-01-30 19:15:11 [32mINFO[m i.a.d.c.DatabaseMigrationCheck(check):46 - Current database migration version 0.50.4.001.
2026-01-30 19:15:11 [32mINFO[m i.a.d.c.DatabaseMigrationCheck(check):47 - Minimum Flyway version required 0.29.15.001.
2026-01-30 19:15:11 [32mINFO[m i.a.d.c.DatabaseMigrationCheck(check):62 - Verified that database has been migrated to the required minimum version 0.29.15.001.
2026-01-30 19:15:11 [32mINFO[m i.m.r.Micronaut(lambda$start$2):98 - Startup completed in 16815ms. Server Running: http://7df16a449d48:8001
