2026-01-30 19:15:10 [32mINFO[m i.a.w.ApplicationInitializer(configureTemporal):322 - Configuring Temporal....
2026-01-30 19:15:10 [32mINFO[m i.a.c.t.TemporalUtils(configureTemporalNamespace):193 - Workflow execution TTL differs for namespace default. Changing from (1 day) to (30 days). 
2026-01-30 19:15:10 [1;31mERROR[m i.m.r.Micronaut(handleStartupException):338 - Error starting Micronaut server: NOT_FOUND: Namespace default is not found.
io.grpc.StatusRuntimeException: NOT_FOUND: Namespace default is not found.
	at io.grpc.stub.ClientCalls.toStatusRuntimeException(ClientCalls.java:271) ~[grpc-stub-1.55.1.jar:1.55.1]
	at io.grpc.stub.ClientCalls.getUnchecked(ClientCalls.java:252) ~[grpc-stub-1.55.1.jar:1.55.1]
	at io.grpc.stub.ClientCalls.blockingUnaryCall(ClientCalls.java:165) ~[grpc-stub-1.55.1.jar:1.55.1]
	at io.temporal.api.workflowservice.v1.WorkflowServiceGrpc$WorkflowServiceBlockingStub.updateNamespace(WorkflowServiceGrpc.java:3687) ~[temporal-serviceclient-1.17.0.jar:?]
	at io.airbyte.commons.temporal.TemporalUtils.configureTemporalNamespace(TemporalUtils.java:195) ~[io.airbyte-airbyte-commons-temporal-0.50.33.jar:?]
	at io.airbyte.workers.ApplicationInitializer.configureTemporal(ApplicationInitializer.java:324) ~[io.airbyte-airbyte-workers-0.50.33.jar:?]
	at io.airbyte.workers.ApplicationInitializer.initializeCommonDependencies(ApplicationInitializer.java:177) ~[io.airbyte-airbyte-workers-0.50.33.jar:?]
	at io.airbyte.workers.ApplicationInitializer.onApplicationEvent(ApplicationInitializer.java:143) ~[io.airbyte-airbyte-workers-0.50.33.jar:?]
	at io.airbyte.workers.ApplicationInitializer.onApplicationEvent(ApplicationInitializer.java:57) ~[io.airbyte-airbyte-workers-0.50.33.jar:?]
	at io.micronaut.context.event.ApplicationEventPublisherFactory.notifyEventListeners(ApplicationEventPublisherFactory.java:262) ~[micronaut-inject-3.10.1.jar:3.10.1]
	at io.micronaut.context.event.ApplicationEventPublisherFactory.access$200(ApplicationEventPublisherFactory.java:60) ~[micronaut-inject-3.10.1.jar:3.10.1]
	at io.micronaut.context.event.ApplicationEventPublisherFactory$2.publishEvent(ApplicationEventPublisherFactory.java:229) ~[micronaut-inject-3.10.1.jar:3.10.1]
	at io.micronaut.http.server.netty.NettyHttpServer.lambda$fireStartupEvents$15(NettyHttpServer.java:600) ~[micronaut-http-server-netty-3.10.1.jar:3.10.1]
	at java.util.Optional.ifPresent(Optional.java:178) ~[?:?]
	at io.micronaut.http.server.netty.NettyHttpServer.fireStartupEvents(NettyHttpServer.java:594) ~[micronaut-http-server-netty-3.10.1.jar:3.10.1]
	at io.micronaut.http.server.netty.NettyHttpServer.start(NettyHttpServer.java:298) ~[micronaut-http-server-netty-3.10.1.jar:3.10.1]
	at io.micronaut.http.server.netty.NettyHttpServer.start(NettyHttpServer.java:104) ~[micronaut-http-server-netty-3.10.1.jar:3.10.1]
	at io.micronaut.runtime.Micronaut.lambda$start$2(Micronaut.java:81) ~[micronaut-context-3.10.1.jar:3.10.1]
	at java.util.Optional.ifPresent(Optional.java:178) ~[?:?]
	at io.micronaut.runtime.Micronaut.start(Micronaut.java:79) ~[micronaut-context-3.10.1.jar:3.10.1]
	at io.micronaut.runtime.Micronaut.run(Micronaut.java:323) ~[micronaut-context-3.10.1.jar:3.10.1]
	at io.micronaut.runtime.Micronaut.run(Micronaut.java:309) ~[micronaut-context-3.10.1.jar:3.10.1]
	at io.airbyte.workers.Application.main(Application.java:15) ~[io.airbyte-airbyte-workers-0.50.33.jar:?]
2026-01-30 19:15:22 [32mINFO[m i.a.w.ApplicationInitializer(configureTemporal):322 - Configuring Temporal....
2026-01-30 19:15:22 [32mINFO[m i.a.c.t.TemporalUtils(configureTemporalNamespace):193 - Workflow execution TTL differs for namespace default. Changing from (1 day) to (30 days). 
2026-01-30 19:15:27 [32mINFO[m i.a.w.ApplicationInitializer(registerWorkerFactory):182 - Registering worker factories....
2026-01-30 19:15:27 [32mINFO[m i.a.w.ApplicationInitializer(registerGetSpec):278 - Get Spec Workflow registered.
2026-01-30 19:15:27 [32mINFO[m i.a.w.ApplicationInitializer(registerCheckConnection):231 - Check Connection Workflow registered.
2026-01-30 19:15:27 [32mINFO[m i.a.w.ApplicationInitializer(registerDiscover):264 - Discover Workflow registered.
2026-01-30 19:15:27 [32mINFO[m i.a.w.ApplicationInitializer(registerSync):291 - Registering sync workflow for task queue 'SYNC'...
2026-01-30 19:15:28 [32mINFO[m i.a.w.ApplicationInitializer(registerSync):301 - Sync Workflow registered.
2026-01-30 19:15:28 [32mINFO[m i.a.w.ApplicationInitializer(registerConnectionManager):247 - Connection Manager Workflow registered.
2026-01-30 19:15:28 [32mINFO[m i.a.w.ApplicationInitializer(registerNotification):209 - registering new notification workflow
2026-01-30 19:15:28 [32mINFO[m i.a.w.ApplicationInitializer(onApplicationEvent):149 - Starting worker factory...
2026-01-30 19:15:28 [32mINFO[m i.t.i.w.Poller(start):91 - start: Poller{name=Workflow Poller taskQueue="DISCOVER_SCHEMA", namespace="default", identity=1@375b0a13fdfa}
2026-01-30 19:15:28 [32mINFO[m i.t.i.w.Poller(start):91 - start: Poller{name=Local Activity Poller taskQueue="DISCOVER_SCHEMA", namespace="default", identity=1@375b0a13fdfa}
2026-01-30 19:15:28 [32mINFO[m i.t.i.w.Poller(start):91 - start: Poller{name=Activity Poller taskQueue="DISCOVER_SCHEMA", namespace="default", identity=1@375b0a13fdfa}
2026-01-30 19:15:28 [32mINFO[m i.t.i.w.Poller(start):91 - start: Poller{name=Workflow Poller taskQueue="NOTIFY", namespace="default", identity=1@375b0a13fdfa}
2026-01-30 19:15:28 [32mINFO[m i.t.i.w.Poller(start):91 - start: Poller{name=Local Activity Poller taskQueue="NOTIFY", namespace="default", identity=1@375b0a13fdfa}
2026-01-30 19:15:28 [32mINFO[m i.t.i.w.Poller(start):91 - start: Poller{name=Activity Poller taskQueue="NOTIFY", namespace="default", identity=1@375b0a13fdfa}
2026-01-30 19:15:28 [32mINFO[m i.t.i.w.Poller(start):91 - start: Poller{name=Workflow Poller taskQueue="CONNECTION_UPDATER", namespace="default", identity=1@375b0a13fdfa}
2026-01-30 19:15:28 [32mINFO[m i.t.i.w.Poller(start):91 - start: Poller{name=Local Activity Poller taskQueue="CONNECTION_UPDATER", namespace="default", identity=1@375b0a13fdfa}
2026-01-30 19:15:28 [32mINFO[m i.t.i.w.Poller(start):91 - start: Poller{name=Activity Poller taskQueue="CONNECTION_UPDATER", namespace="default", identity=1@375b0a13fdfa}
2026-01-30 19:15:28 [32mINFO[m i.t.i.w.Poller(start):91 - start: Poller{name=Workflow Poller taskQueue="CHECK_CONNECTION", namespace="default", identity=1@375b0a13fdfa}
2026-01-30 19:15:28 [32mINFO[m i.t.i.w.Poller(start):91 - start: Poller{name=Local Activity Poller taskQueue="CHECK_CONNECTION", namespace="default", identity=1@375b0a13fdfa}
2026-01-30 19:15:28 [32mINFO[m i.t.i.w.Poller(start):91 - start: Poller{name=Activity Poller taskQueue="CHECK_CONNECTION", namespace="default", identity=1@375b0a13fdfa}
2026-01-30 19:15:28 [32mINFO[m i.t.i.w.Poller(start):91 - start: Poller{name=Workflow Poller taskQueue="SYNC", namespace="default", identity=1@375b0a13fdfa}
2026-01-30 19:15:28 [32mINFO[m i.t.i.w.Poller(start):91 - start: Poller{name=Local Activity Poller taskQueue="SYNC", namespace="default", identity=1@375b0a13fdfa}
2026-01-30 19:15:28 [32mINFO[m i.t.i.w.Poller(start):91 - start: Poller{name=Activity Poller taskQueue="SYNC", namespace="default", identity=1@375b0a13fdfa}
2026-01-30 19:15:28 [32mINFO[m i.t.i.w.Poller(start):91 - start: Poller{name=Workflow Poller taskQueue="GET_SPEC", namespace="default", identity=1@375b0a13fdfa}
2026-01-30 19:15:28 [32mINFO[m i.t.i.w.Poller(start):91 - start: Poller{name=Local Activity Poller taskQueue="GET_SPEC", namespace="default", identity=1@375b0a13fdfa}
2026-01-30 19:15:28 [32mINFO[m i.t.i.w.Poller(start):91 - start: Poller{name=Activity Poller taskQueue="GET_SPEC", namespace="default", identity=1@375b0a13fdfa}
2026-01-30 19:15:28 [32mINFO[m i.a.w.ApplicationInitializer(onApplicationEvent):152 - Application initialized.
2026-01-30 19:15:28 [32mINFO[m i.m.r.Micronaut(lambda$start$2):98 - Startup completed in 15230ms. Server Running: http://375b0a13fdfa:9000
