[0m06:27:32.901993 [debug] [MainThread]: Sending event: {'category': 'dbt', 'action': 'invocation', 'label': 'start', 'context': [<snowplow_tracker.self_describing_json.SelfDescribingJson object at 0x7e7fead38450>, <snowplow_tracker.self_describing_json.SelfDescribingJson object at 0x7e7feacd4150>, <snowplow_tracker.self_describing_json.SelfDescribingJson object at 0x7e7feacd73d0>]}


============================== 06:27:32.908260 | 0ee2c466-5185-4865-a9a4-d613d381c362 ==============================
[0m06:27:32.908260 [info ] [MainThread]: Running with dbt=1.11.2
[0m06:27:32.910049 [debug] [MainThread]: running dbt with arguments {'cache_selected_only': 'False', 'quiet': 'False', 'invocation_command': 'dbt init', 'fail_fast': 'False', 'use_colors': 'True', 'target_path': 'None', 'write_json': 'True', 'partial_parse': 'True', 'indirect_selection': 'eager', 'printer_width': '80', 'warn_error_options': 'WarnErrorOptionsV2(error=[], warn=[], silence=[])', 'static_parser': 'True', 'empty': 'None', 'debug': 'False', 'use_experimental_parser': 'False', 'no_print': 'None', 'warn_error': 'None', 'log_path': 'logs', 'log_cache_events': 'False', 'introspect': 'True', 'version_check': 'True', 'profiles_dir': '/root/.dbt', 'send_anonymous_usage_stats': 'True', 'log_format': 'default'}
[0m06:27:32.928988 [info ] [MainThread]: Creating dbt configuration folder at /root/.dbt
[0m06:28:45.824371 [debug] [MainThread]: Starter project path: /usr/local/lib/python3.11/site-packages/dbt/include/starter_project
[0m06:28:46.248039 [info ] [MainThread]: 
Your new dbt project "endToEndPocProject" was created!

For more information on how to configure the profiles.yml file,
please consult the dbt documentation here:

  https://docs.getdbt.com/docs/configure-your-profile

One more thing:

Need help? Don't hesitate to reach out to us via GitHub issues or on Slack:

  https://community.getdbt.com/

Happy modeling!

[0m06:28:46.253305 [info ] [MainThread]: Setting up your profile.
[0m06:28:55.536256 [error] [MainThread]: Encountered an error:

[0m06:28:55.543287 [error] [MainThread]: Traceback (most recent call last):
  File "/usr/local/lib/python3.11/site-packages/dbt/cli/requires.py", line 182, in wrapper
    result, success = func(*args, **kwargs)
                      ^^^^^^^^^^^^^^^^^^^^^
  File "/usr/local/lib/python3.11/site-packages/dbt/cli/requires.py", line 128, in wrapper
    return func(*args, **kwargs)
           ^^^^^^^^^^^^^^^^^^^^^
  File "/usr/local/lib/python3.11/site-packages/dbt/cli/main.py", line 483, in init
    results = task.run()
              ^^^^^^^^^^
  File "/usr/local/lib/python3.11/site-packages/dbt/task/init.py", line 346, in run
    self.setup_profile(profile_name)
  File "/usr/local/lib/python3.11/site-packages/dbt/task/init.py", line 261, in setup_profile
    adapter = self.ask_for_adapter_choice()
              ^^^^^^^^^^^^^^^^^^^^^^^^^^^^^
  File "/usr/local/lib/python3.11/site-packages/dbt/task/init.py", line 242, in ask_for_adapter_choice
    numeric_choice = click.prompt(prompt_msg, type=click.INT)
                     ^^^^^^^^^^^^^^^^^^^^^^^^^^^^^^^^^^^^^^^^
  File "/usr/local/lib/python3.11/site-packages/click/termui.py", line 171, in prompt
    value = prompt_func(prompt)
            ^^^^^^^^^^^^^^^^^^^
  File "/usr/local/lib/python3.11/site-packages/click/termui.py", line 154, in prompt_func
    raise Abort() from None
click.exceptions.Abort

[0m06:28:55.547288 [debug] [MainThread]: Resource report: {"command_name": "init", "command_success": false, "command_wall_clock_time": 82.75737, "process_in_blocks": "0", "process_kernel_time": 0.607188, "process_mem_max_rss": "103272", "process_out_blocks": "0", "process_user_time": 2.161111}
[0m06:28:55.549704 [debug] [MainThread]: Command `dbt init` failed at 06:28:55.549349 after 82.76 seconds
[0m06:28:55.553130 [debug] [MainThread]: Sending event: {'category': 'dbt', 'action': 'invocation', 'label': 'end', 'context': [<snowplow_tracker.self_describing_json.SelfDescribingJson object at 0x7e7feace5290>, <snowplow_tracker.self_describing_json.SelfDescribingJson object at 0x7e7feac03b10>, <snowplow_tracker.self_describing_json.SelfDescribingJson object at 0x7e7feaf99450>]}
[0m06:28:55.556129 [debug] [MainThread]: Flushing usage events
[0m06:28:57.270966 [debug] [MainThread]: An error was encountered while trying to flush usage events
