[2026-01-29T18:17:17.683+0000] {manager.py:469} INFO - Processing files using up to 2 processes at a time 
[2026-01-29T18:17:17.684+0000] {manager.py:470} INFO - Process each file at most once every 30 seconds
[2026-01-29T18:17:17.685+0000] {manager.py:471} INFO - Checking for new files in /opt/airflow/dags every 300 seconds
[2026-01-29T18:17:17.686+0000] {manager.py:738} INFO - Searching for files in /opt/airflow/dags
[2026-01-29T18:17:17.692+0000] {manager.py:741} INFO - There are 0 files in /opt/airflow/dags
[2026-01-29T18:22:18.664+0000] {manager.py:738} INFO - Searching for files in /opt/airflow/dags
[2026-01-29T18:22:18.673+0000] {manager.py:741} INFO - There are 0 files in /opt/airflow/dags
[2026-01-29T18:28:03.096+0000] {manager.py:469} INFO - Processing files using up to 2 processes at a time 
[2026-01-29T18:28:03.097+0000] {manager.py:470} INFO - Process each file at most once every 30 seconds
[2026-01-29T18:28:03.097+0000] {manager.py:471} INFO - Checking for new files in /opt/airflow/dags every 300 seconds
[2026-01-29T18:28:03.098+0000] {manager.py:738} INFO - Searching for files in /opt/airflow/dags
[2026-01-29T18:28:03.103+0000] {manager.py:741} INFO - There are 0 files in /opt/airflow/dags
[2026-01-29T18:33:03.820+0000] {manager.py:738} INFO - Searching for files in /opt/airflow/dags
[2026-01-29T18:33:03.823+0000] {manager.py:741} INFO - There are 0 files in /opt/airflow/dags
[2026-01-29T18:33:46.825+0000] {manager.py:451} INFO - Exiting gracefully upon receiving signal 15
[2026-01-29T18:34:52.270+0000] {manager.py:469} INFO - Processing files using up to 2 processes at a time 
[2026-01-29T18:34:52.271+0000] {manager.py:470} INFO - Process each file at most once every 30 seconds
[2026-01-29T18:34:52.271+0000] {manager.py:471} INFO - Checking for new files in /opt/airflow/dags every 300 seconds
[2026-01-29T18:34:52.272+0000] {manager.py:738} INFO - Searching for files in /opt/airflow/dags
[2026-01-29T18:34:52.277+0000] {manager.py:741} INFO - There are 0 files in /opt/airflow/dags
[2026-01-29T18:39:52.721+0000] {manager.py:738} INFO - Searching for files in /opt/airflow/dags
[2026-01-29T18:39:52.725+0000] {manager.py:741} INFO - There are 0 files in /opt/airflow/dags
[2026-01-29T18:40:14.647+0000] {manager.py:451} INFO - Exiting gracefully upon receiving signal 15
[2026-01-29T18:41:08.360+0000] {manager.py:469} INFO - Processing files using up to 2 processes at a time 
[2026-01-29T18:41:08.361+0000] {manager.py:470} INFO - Process each file at most once every 30 seconds
[2026-01-29T18:41:08.361+0000] {manager.py:471} INFO - Checking for new files in /opt/airflow/dags every 300 seconds
[2026-01-29T18:41:08.362+0000] {manager.py:738} INFO - Searching for files in /opt/airflow/dags
[2026-01-29T18:41:08.367+0000] {manager.py:741} INFO - There are 0 files in /opt/airflow/dags
[2026-01-29T18:46:08.852+0000] {manager.py:738} INFO - Searching for files in /opt/airflow/dags
[2026-01-29T18:46:08.856+0000] {manager.py:741} INFO - There are 0 files in /opt/airflow/dags
[2026-01-29T18:51:09.193+0000] {manager.py:738} INFO - Searching for files in /opt/airflow/dags
[2026-01-29T18:51:09.199+0000] {manager.py:741} INFO - There are 0 files in /opt/airflow/dags
[2026-01-29T18:56:09.555+0000] {manager.py:738} INFO - Searching for files in /opt/airflow/dags
[2026-01-29T18:56:09.559+0000] {manager.py:741} INFO - There are 0 files in /opt/airflow/dags
[2026-01-29T18:59:09.416+0000] {manager.py:451} INFO - Exiting gracefully upon receiving signal 15
[2026-01-29T19:00:09.081+0000] {manager.py:469} INFO - Processing files using up to 2 processes at a time 
[2026-01-29T19:00:09.082+0000] {manager.py:470} INFO - Process each file at most once every 30 seconds
[2026-01-29T19:00:09.083+0000] {manager.py:471} INFO - Checking for new files in /opt/airflow/dags every 300 seconds
[2026-01-29T19:00:09.083+0000] {manager.py:738} INFO - Searching for files in /opt/airflow/dags
[2026-01-29T19:00:09.088+0000] {manager.py:741} INFO - There are 0 files in /opt/airflow/dags
[2026-01-29T19:03:56.384+0000] {manager.py:469} INFO - Processing files using up to 2 processes at a time 
[2026-01-29T19:03:56.385+0000] {manager.py:470} INFO - Process each file at most once every 30 seconds
[2026-01-29T19:03:56.386+0000] {manager.py:471} INFO - Checking for new files in /opt/airflow/dags every 300 seconds
[2026-01-29T19:03:56.386+0000] {manager.py:738} INFO - Searching for files in /opt/airflow/dags
[2026-01-29T19:03:56.391+0000] {manager.py:741} INFO - There are 0 files in /opt/airflow/dags
[2026-01-29T19:08:56.862+0000] {manager.py:738} INFO - Searching for files in /opt/airflow/dags
[2026-01-29T19:08:56.867+0000] {manager.py:741} INFO - There are 0 files in /opt/airflow/dags
[2026-01-29T19:09:50.673+0000] {manager.py:451} INFO - Exiting gracefully upon receiving signal 15
[2026-01-29T19:10:45.598+0000] {manager.py:469} INFO - Processing files using up to 2 processes at a time 
[2026-01-29T19:10:45.599+0000] {manager.py:470} INFO - Process each file at most once every 30 seconds
[2026-01-29T19:10:45.601+0000] {manager.py:471} INFO - Checking for new files in /opt/airflow/dags every 300 seconds
[2026-01-29T19:10:45.602+0000] {manager.py:738} INFO - Searching for files in /opt/airflow/dags
[2026-01-29T19:10:45.609+0000] {manager.py:741} INFO - There are 0 files in /opt/airflow/dags
[2026-01-29T19:15:46.122+0000] {manager.py:738} INFO - Searching for files in /opt/airflow/dags
[2026-01-29T19:15:46.126+0000] {manager.py:741} INFO - There are 0 files in /opt/airflow/dags
[2026-01-29T19:16:57.000+0000] {manager.py:451} INFO - Exiting gracefully upon receiving signal 15
[2026-01-30T05:40:10.966+0000] {manager.py:469} INFO - Processing files using up to 2 processes at a time 
[2026-01-30T05:40:10.967+0000] {manager.py:470} INFO - Process each file at most once every 30 seconds
[2026-01-30T05:40:10.968+0000] {manager.py:471} INFO - Checking for new files in /opt/airflow/dags every 300 seconds
[2026-01-30T05:40:10.968+0000] {manager.py:738} INFO - Searching for files in /opt/airflow/dags
[2026-01-30T05:40:10.973+0000] {manager.py:741} INFO - There are 0 files in /opt/airflow/dags
[2026-01-30T05:45:11.870+0000] {manager.py:738} INFO - Searching for files in /opt/airflow/dags
[2026-01-30T05:45:11.879+0000] {manager.py:741} INFO - There are 0 files in /opt/airflow/dags
[2026-01-30T05:47:03.681+0000] {manager.py:451} INFO - Exiting gracefully upon receiving signal 15
[2026-01-30T05:48:01.523+0000] {manager.py:469} INFO - Processing files using up to 2 processes at a time 
[2026-01-30T05:48:01.524+0000] {manager.py:470} INFO - Process each file at most once every 30 seconds
[2026-01-30T05:48:01.525+0000] {manager.py:471} INFO - Checking for new files in /opt/airflow/dags every 300 seconds
[2026-01-30T05:48:01.526+0000] {manager.py:738} INFO - Searching for files in /opt/airflow/dags
[2026-01-30T05:48:01.532+0000] {manager.py:741} INFO - There are 0 files in /opt/airflow/dags
[2026-01-30T05:53:02.159+0000] {manager.py:738} INFO - Searching for files in /opt/airflow/dags
[2026-01-30T05:53:02.164+0000] {manager.py:741} INFO - There are 0 files in /opt/airflow/dags
[2026-01-30T05:56:32.491+0000] {manager.py:451} INFO - Exiting gracefully upon receiving signal 15
[2026-01-30T05:57:28.652+0000] {manager.py:469} INFO - Processing files using up to 2 processes at a time 
[2026-01-30T05:57:28.653+0000] {manager.py:470} INFO - Process each file at most once every 30 seconds
[2026-01-30T05:57:28.653+0000] {manager.py:471} INFO - Checking for new files in /opt/airflow/dags every 300 seconds
[2026-01-30T05:57:28.654+0000] {manager.py:738} INFO - Searching for files in /opt/airflow/dags
[2026-01-30T05:57:28.659+0000] {manager.py:741} INFO - There are 0 files in /opt/airflow/dags
[2026-01-30T06:02:29.604+0000] {manager.py:738} INFO - Searching for files in /opt/airflow/dags
[2026-01-30T06:02:29.610+0000] {manager.py:741} INFO - There are 0 files in /opt/airflow/dags
[2026-01-30T06:02:30.997+0000] {manager.py:451} INFO - Exiting gracefully upon receiving signal 15
[2026-01-30T06:03:32.678+0000] {manager.py:469} INFO - Processing files using up to 2 processes at a time 
[2026-01-30T06:03:32.679+0000] {manager.py:470} INFO - Process each file at most once every 30 seconds
[2026-01-30T06:03:32.680+0000] {manager.py:471} INFO - Checking for new files in /opt/airflow/dags every 300 seconds
[2026-01-30T06:03:32.680+0000] {manager.py:738} INFO - Searching for files in /opt/airflow/dags
[2026-01-30T06:03:32.687+0000] {manager.py:741} INFO - There are 0 files in /opt/airflow/dags
[2026-01-30T06:08:33.665+0000] {manager.py:738} INFO - Searching for files in /opt/airflow/dags
[2026-01-30T06:08:33.672+0000] {manager.py:741} INFO - There are 0 files in /opt/airflow/dags
[2026-01-30T06:09:15.474+0000] {manager.py:451} INFO - Exiting gracefully upon receiving signal 15
[2026-01-30T06:10:22.296+0000] {manager.py:469} INFO - Processing files using up to 2 processes at a time 
[2026-01-30T06:10:22.297+0000] {manager.py:470} INFO - Process each file at most once every 30 seconds
[2026-01-30T06:10:22.298+0000] {manager.py:471} INFO - Checking for new files in /opt/airflow/dags every 300 seconds
[2026-01-30T06:10:22.298+0000] {manager.py:738} INFO - Searching for files in /opt/airflow/dags
[2026-01-30T06:10:22.304+0000] {manager.py:741} INFO - There are 0 files in /opt/airflow/dags
[2026-01-30T06:14:01.372+0000] {manager.py:451} INFO - Exiting gracefully upon receiving signal 15
[2026-01-30T06:15:36.765+0000] {manager.py:469} INFO - Processing files using up to 2 processes at a time 
[2026-01-30T06:15:36.767+0000] {manager.py:470} INFO - Process each file at most once every 30 seconds
[2026-01-30T06:15:36.768+0000] {manager.py:471} INFO - Checking for new files in /opt/airflow/dags every 300 seconds
[2026-01-30T06:15:36.771+0000] {manager.py:738} INFO - Searching for files in /opt/airflow/dags
[2026-01-30T06:15:36.779+0000] {manager.py:741} INFO - There are 0 files in /opt/airflow/dags
[2026-01-30T06:17:49.000+0000] {manager.py:451} INFO - Exiting gracefully upon receiving signal 15
[2026-01-30T06:19:06.949+0000] {manager.py:469} INFO - Processing files using up to 2 processes at a time 
[2026-01-30T06:19:06.950+0000] {manager.py:470} INFO - Process each file at most once every 30 seconds
[2026-01-30T06:19:06.951+0000] {manager.py:471} INFO - Checking for new files in /opt/airflow/dags every 300 seconds
[2026-01-30T06:19:06.952+0000] {manager.py:738} INFO - Searching for files in /opt/airflow/dags
[2026-01-30T06:19:06.957+0000] {manager.py:741} INFO - There are 0 files in /opt/airflow/dags
[2026-01-30T06:20:58.299+0000] {manager.py:451} INFO - Exiting gracefully upon receiving signal 15
[2026-01-30T06:22:31.420+0000] {manager.py:469} INFO - Processing files using up to 2 processes at a time 
[2026-01-30T06:22:31.420+0000] {manager.py:470} INFO - Process each file at most once every 30 seconds
[2026-01-30T06:22:31.421+0000] {manager.py:471} INFO - Checking for new files in /opt/airflow/dags every 300 seconds
[2026-01-30T06:22:31.422+0000] {manager.py:738} INFO - Searching for files in /opt/airflow/dags
[2026-01-30T06:22:31.427+0000] {manager.py:741} INFO - There are 0 files in /opt/airflow/dags
[2026-01-30T06:26:34.544+0000] {manager.py:451} INFO - Exiting gracefully upon receiving signal 15
[2026-01-30T06:28:31.956+0000] {manager.py:469} INFO - Processing files using up to 2 processes at a time 
[2026-01-30T06:28:31.957+0000] {manager.py:470} INFO - Process each file at most once every 30 seconds
[2026-01-30T06:28:31.958+0000] {manager.py:471} INFO - Checking for new files in /opt/airflow/dags every 300 seconds
[2026-01-30T06:28:31.958+0000] {manager.py:738} INFO - Searching for files in /opt/airflow/dags
[2026-01-30T06:28:31.964+0000] {manager.py:741} INFO - There are 0 files in /opt/airflow/dags
[2026-01-30T06:32:33.372+0000] {manager.py:451} INFO - Exiting gracefully upon receiving signal 15
[2026-01-30T06:34:05.585+0000] {manager.py:469} INFO - Processing files using up to 2 processes at a time 
[2026-01-30T06:34:05.587+0000] {manager.py:470} INFO - Process each file at most once every 30 seconds
[2026-01-30T06:34:05.588+0000] {manager.py:471} INFO - Checking for new files in /opt/airflow/dags every 300 seconds
[2026-01-30T06:34:05.591+0000] {manager.py:738} INFO - Searching for files in /opt/airflow/dags
[2026-01-30T06:34:05.603+0000] {manager.py:741} INFO - There are 0 files in /opt/airflow/dags
[2026-01-30T06:37:25.817+0000] {manager.py:451} INFO - Exiting gracefully upon receiving signal 15
